10:00:17 **** Build of configuration Debug for project SamsHauling ****
make all 
Building file: ../src/opt/Cost.cpp
Invoking: GCC C++ Compiler
g++ -std=c++11 -I"/work/potential-nemesis/eclipse/SamsHauling/src" -O0 -g3 -Wall -c -fmessage-length=0 -MMD -MP -MF"src/opt/Cost.d" -MT"src/opt/Cost.d" -o "src/opt/Cost.o" "../src/opt/Cost.cpp"
Finished building: ../src/opt/Cost.cpp
 
Building file: ../src/opt/Metric.cpp
Invoking: GCC C++ Compiler
g++ -std=c++11 -I"/work/potential-nemesis/eclipse/SamsHauling/src" -O0 -g3 -Wall -c -fmessage-length=0 -MMD -MP -MF"src/opt/Metric.d" -MT"src/opt/Metric.d" -o "src/opt/Metric.o" "../src/opt/Metric.cpp"
Finished building: ../src/opt/Metric.cpp
 
Building file: ../src/opt/Optimizer.cpp
Invoking: GCC C++ Compiler
g++ -std=c++11 -I"/work/potential-nemesis/eclipse/SamsHauling/src" -O0 -g3 -Wall -c -fmessage-length=0 -MMD -MP -MF"src/opt/Optimizer.d" -MT"src/opt/Optimizer.d" -o "src/opt/Optimizer.o" "../src/opt/Optimizer.cpp"
Finished building: ../src/opt/Optimizer.cpp
 
Building file: ../src/model/Action.cpp
Invoking: GCC C++ Compiler
g++ -std=c++11 -I"/work/potential-nemesis/eclipse/SamsHauling/src" -O0 -g3 -Wall -c -fmessage-length=0 -MMD -MP -MF"src/model/Action.d" -MT"src/model/Action.d" -o "src/model/Action.o" "../src/model/Action.cpp"
Finished building: ../src/model/Action.cpp
 
Building file: ../src/model/Landfills.cpp
Invoking: GCC C++ Compiler
g++ -std=c++11 -I"/work/potential-nemesis/eclipse/SamsHauling/src" -O0 -g3 -Wall -c -fmessage-length=0 -MMD -MP -MF"src/model/Landfills.d" -MT"src/model/Landfills.d" -o "src/model/Landfills.o" "../src/model/Landfills.cpp"
Finished building: ../src/model/Landfills.cpp
 
Building file: ../src/model/Location.cpp
Invoking: GCC C++ Compiler
g++ -std=c++11 -I"/work/potential-nemesis/eclipse/SamsHauling/src" -O0 -g3 -Wall -c -fmessage-length=0 -MMD -MP -MF"src/model/Location.d" -MT"src/model/Location.d" -o "src/model/Location.o" "../src/model/Location.cpp"
Finished building: ../src/model/Location.cpp
 
Building file: ../src/model/Operation.cpp
Invoking: GCC C++ Compiler
g++ -std=c++11 -I"/work/potential-nemesis/eclipse/SamsHauling/src" -O0 -g3 -Wall -c -fmessage-length=0 -MMD -MP -MF"src/model/Operation.d" -MT"src/model/Operation.d" -o "src/model/Operation.o" "../src/model/Operation.cpp"
Finished building: ../src/model/Operation.cpp
 
Building file: ../src/model/Request.cpp
Invoking: GCC C++ Compiler
g++ -std=c++11 -I"/work/potential-nemesis/eclipse/SamsHauling/src" -O0 -g3 -Wall -c -fmessage-length=0 -MMD -MP -MF"src/model/Request.d" -MT"src/model/Request.d" -o "src/model/Request.o" "../src/model/Request.cpp"
Finished building: ../src/model/Request.cpp
 
Building file: ../src/model/Truck.cpp
Invoking: GCC C++ Compiler
g++ -std=c++11 -I"/work/potential-nemesis/eclipse/SamsHauling/src" -O0 -g3 -Wall -c -fmessage-length=0 -MMD -MP -MF"src/model/Truck.d" -MT"src/model/Truck.d" -o "src/model/Truck.o" "../src/model/Truck.cpp"
Finished building: ../src/model/Truck.cpp
 
Building file: ../src/gen/Generator.cpp
Invoking: GCC C++ Compiler
g++ -std=c++11 -I"/work/potential-nemesis/eclipse/SamsHauling/src" -O0 -g3 -Wall -c -fmessage-length=0 -MMD -MP -MF"src/gen/Generator.d" -MT"src/gen/Generator.d" -o "src/gen/Generator.o" "../src/gen/Generator.cpp"
Finished building: ../src/gen/Generator.cpp
 
Building file: ../src/gen/RandomNextGenerator.cpp
Invoking: GCC C++ Compiler
g++ -std=c++11 -I"/work/potential-nemesis/eclipse/SamsHauling/src" -O0 -g3 -Wall -c -fmessage-length=0 -MMD -MP -MF"src/gen/RandomNextGenerator.d" -MT"src/gen/RandomNextGenerator.d" -o "src/gen/RandomNextGenerator.o" "../src/gen/RandomNextGenerator.cpp"
Finished building: ../src/gen/RandomNextGenerator.cpp
 
Building file: ../src/gen/SpokeGenerator.cpp
Invoking: GCC C++ Compiler
g++ -std=c++11 -I"/work/potential-nemesis/eclipse/SamsHauling/src" -O0 -g3 -Wall -c -fmessage-length=0 -MMD -MP -MF"src/gen/SpokeGenerator.d" -MT"src/gen/SpokeGenerator.d" -o "src/gen/SpokeGenerator.o" "../src/gen/SpokeGenerator.cpp"
Finished building: ../src/gen/SpokeGenerator.cpp
 
Building file: ../src/gen/generate.cpp
Invoking: GCC C++ Compiler
g++ -std=c++11 -I"/work/potential-nemesis/eclipse/SamsHauling/src" -O0 -g3 -Wall -c -fmessage-length=0 -MMD -MP -MF"src/gen/generate.d" -MT"src/gen/generate.d" -o "src/gen/generate.o" "../src/gen/generate.cpp"
../src/gen/generate.cpp: In function ‘Route generate_random_route(const std::vector<Request>&)’:
../src/gen/generate.cpp:52:2: warning: no return statement in function returning non-void [-Wreturn-type]
 {}
  ^
Finished building: ../src/gen/generate.cpp
 
Building file: ../src/Parameters.cpp
Invoking: GCC C++ Compiler
g++ -std=c++11 -I"/work/potential-nemesis/eclipse/SamsHauling/src" -O0 -g3 -Wall -c -fmessage-length=0 -MMD -MP -MF"src/Parameters.d" -MT"src/Parameters.d" -o "src/Parameters.o" "../src/Parameters.cpp"
Finished building: ../src/Parameters.cpp
 
Building file: ../src/Route.cpp
Invoking: GCC C++ Compiler
g++ -std=c++11 -I"/work/potential-nemesis/eclipse/SamsHauling/src" -O0 -g3 -Wall -c -fmessage-length=0 -MMD -MP -MF"src/Route.d" -MT"src/Route.d" -o "src/Route.o" "../src/Route.cpp"
Finished building: ../src/Route.cpp
 
Building file: ../src/Solution.cpp
Invoking: GCC C++ Compiler
g++ -std=c++11 -I"/work/potential-nemesis/eclipse/SamsHauling/src" -O0 -g3 -Wall -c -fmessage-length=0 -MMD -MP -MF"src/Solution.d" -MT"src/Solution.d" -o "src/Solution.o" "../src/Solution.cpp"
Finished building: ../src/Solution.cpp
 
Building file: ../src/main.cpp
Invoking: GCC C++ Compiler
g++ -std=c++11 -I"/work/potential-nemesis/eclipse/SamsHauling/src" -O0 -g3 -Wall -c -fmessage-length=0 -MMD -MP -MF"src/main.d" -MT"src/main.d" -o "src/main.o" "../src/main.cpp"
Finished building: ../src/main.cpp
 
Building target: SamsHauling
Invoking: GCC C++ Linker
g++  -o "SamsHauling"  ./src/opt/Cost.o ./src/opt/Metric.o ./src/opt/Optimizer.o  ./src/model/Action.o ./src/model/Landfills.o ./src/model/Location.o ./src/model/Operation.o ./src/model/Request.o ./src/model/Truck.o  ./src/gen/Generator.o ./src/gen/RandomNextGenerator.o ./src/gen/SpokeGenerator.o ./src/gen/generate.o  ./src/Parameters.o ./src/Route.o ./src/Solution.o ./src/main.o   
Finished building target: SamsHauling
 
