5
0	39.9501308794	-105.170742522	'357-415 South 3rd Avenue, Superior, CO 80027, USA'
1	39.6097688202	-104.85484052	'11400-11458 East Orchard Road, Englewood, CO 80111, USA'
2	40.130608661	-104.903039146	'7900-8118 County Road 20, Firestone, CO 80504, USA'
3	40.1288448944	-105.128593502	'8517 North 95th Street, Longmont, CO 80504, USA'
4	39.8551693726	-104.856933485	'8954-9260 Colorado 2, Commerce City, CO, USA'
0	0	0	0
0	1	2621	56885
0	2	1891	41965
0	3	1461	22613
0	4	1660	35180
1	0	2650	57164
1	1	0	0
1	2	3188	73833
1	3	3398	74741
1	4	2044	41091
2	0	1860	42882
2	1	3221	74197
2	2	0	0
2	3	1344	24828
2	4	1862	40021
3	0	1478	23488
3	1	3400	79995
3	2	1344	24786
3	3	0	0
3	4	2216	52996
4	0	1641	35423
4	1	2062	44439
4	2	1832	39617
4	3	2389	53000
4	4	0	0
