5
0	39.8198286187	-104.998640251	'844-998 West 68th Avenue, Denver, CO 80221, USA'
1	39.5996799953	-104.867615476	'10438-10442 East Weaver Circle, Englewood, CO 80111, USA'
2	39.769356537	-104.845288863	'3777 Quentin Street, Denver, CO 80239, USA'
3	40.0350070763	-105.073815501	'2873-2989 North 119th Street, Erie, CO 80516, USA'
4	39.6584960616	-104.817076631	'14620 East Floyd Avenue, Aurora, CO 80014, USA'
0	0	0	0
0	1	1710	34817
0	2	963	19140
0	3	1571	30939
0	4	1695	34638
1	0	1776	35600
1	1	0	0
1	2	1431	28966
1	3	2955	65577
1	4	944	11956
2	0	958	16915
2	1	1423	25757
2	2	0	0
2	3	2119	45845
2	4	957	17139
3	0	1625	33160
3	1	2949	64801
3	2	2105	45900
3	3	0	0
3	4	2837	61399
4	0	1610	33764
4	1	914	15295
4	2	974	18933
4	3	2771	62694
4	4	0	0
