5
0	40.0141584747	-104.808229273	'13000-13298 County Road 4, Brighton, CO 80603, USA'
1	40.1456303897	-104.983779518	'Interstate 25 Frontage Road, Longmont, CO 80504, USA'
2	39.9788629554	-105.000713457	'1056 West 156th Avenue, Broomfield, CO 80023, USA'
3	39.8054740192	-105.187916466	'16701-16999 Van Bibber Creek Trail, Arvada, CO 80403, USA'
4	39.8595390291	-104.842789878	'9760 Peoria Street, Commerce City, CO 80022, USA'
0	0	0	0
0	1	1319	28535
0	2	1044	19826
0	3	2218	50941
0	4	1217	19958
1	0	1340	29110
1	1	0	0
1	2	885	20413
1	3	2229	51440
1	4	1795	43168
2	0	1001	20029
2	1	959	20809
2	2	0	0
2	3	1662	33595
2	4	1347	27597
3	0	2111	51248
3	1	2271	52047
3	2	1662	33749
3	3	0	0
3	4	1623	37087
4	0	1143	20958
4	1	1957	49037
4	2	1467	24914
4	3	1691	37070
4	4	0	0
