5
0	39.8291651727	-104.966999361	'1790 East 73rd Avenue, Thornton, CO 80229, USA'
1	39.5645078791	-104.977038329	'Colorado 470, Littleton, CO 80126, USA'
2	39.5821499917	-105.022983344	'7445 South Houstoun Waring Circle, Littleton, CO 80120, USA'
3	39.8104934853	-104.889780013	'Prairie Gateway Open Space Trail, Denver, CO 80266, USA'
4	39.567713876	-105.19284346	'52 West Ranch Trail Road, Morrison, CO 80465, USA'
0	0	0	0
0	1	1859	38251
0	2	1698	32483
0	3	774	9796
0	4	2383	52494
1	0	1977	47677
1	1	0	0
1	2	544	8627
1	3	2061	49426
1	4	1852	41072
2	0	1694	32381
2	1	432	5687
2	2	0	0
2	3	2051	37817
2	4	1761	35598
3	0	794	9805
3	1	2325	43853
3	2	2164	38086
3	3	0	0
3	4	2822	58251
4	0	2349	54130
4	1	1651	37291
4	2	1705	34987
4	3	2724	58695
4	4	0	0
