5
0	39.5979597696	-104.898320487	'7810-7870 East Peakview Avenue, Centennial, CO 80111, USA'
1	39.6578187766	-104.967342732	'3240 South Gilpin Street, Englewood, CO 80113, USA'
2	40.1748159967	-104.947330312	'5311-5669 County Road 26, Longmont, CO 80504, USA'
3	39.8759156348	-105.029207683	'3421-3431 West 98th Drive, Westminster, CO 80031, USA'
4	40.0384570729	-104.917580652	'2276 County Road 15, Brighton, CO 80603, USA'
0	0	0	0
0	1	862	13707
0	2	3098	76267
0	3	2002	42462
0	4	2814	62466
1	0	800	11729
1	1	0	0
1	2	2828	65639
1	3	1733	31834
1	4	2545	51838
2	0	3053	74503
2	1	2832	65716
2	2	0	0
2	3	1734	40735
2	4	1134	17276
3	0	1918	40756
3	1	1698	31969
3	2	1693	40645
3	3	0	0
3	4	1410	26844
4	0	2738	60597
4	1	2518	51810
4	2	1109	17267
4	3	1419	26829
4	4	0	0
