5
0	39.8441724159	-105.044630254	'8101 Raleigh Place, Westminster, CO 80031, USA'
1	39.8019058243	-104.829649117	'13100-13198 East 56th Avenue, Denver, CO 80239, USA'
2	40.0703469233	-104.882002952	'County Road 12, Fort Lupton, CO 80621, USA'
3	40.2047216306	-104.851015562	'10764-11028 County Road 30, Platteville, CO 80651, USA'
4	40.0193025855	-104.791252789	'13799 County Road 4 1/4, Brighton, CO 80603, USA'
0	0	0	0
0	1	1307	21522
0	2	1921	42378
0	3	2248	56721
0	4	1728	36550
1	0	1237	24091
1	1	0	0
1	2	2166	53250
1	3	2400	64546
1	4	1771	42675
2	0	2009	42136
2	1	2031	51627
2	2	0	0
2	3	912	17925
2	4	895	16478
3	0	2314	56399
3	1	2293	61763
3	2	906	17925
3	3	0	0
3	4	1158	26615
4	0	1788	35974
4	1	1714	39853
4	2	895	16547
4	3	1141	26602
4	4	0	0
