5
0	39.7989544032	-104.911676625	'5601-5799 Magnolia Street, Commerce City, CO 80022, USA'
1	39.7047292543	-104.98323866	'650 South Grant Street, Denver, CO 80209, USA'
2	40.1117686837	-105.076211581	'7633-7799 Rodeo Drive, Longmont, CO 80504, USA'
3	40.0212753416	-105.179295775	'2255 North 75th Street, Boulder, CO 80301, USA'
4	40.0777510506	-104.760298548	'15604-15756 County Road 12 1/2, Fort Lupton, CO 80621, USA'
0	0	0	0
0	1	1136	19529
0	2	2211	49149
0	3	1935	39209
0	4	1926	40800
1	0	1118	19450
1	1	0	0
1	2	2515	57986
1	3	2237	47823
1	4	2362	55640
2	0	2232	48440
2	1	2530	57583
2	2	0	0
2	3	1013	20667
2	4	1630	30818
3	0	1965	39152
3	1	2264	48034
3	2	993	19703
3	3	0	0
3	4	2074	43781
4	0	1944	42467
4	1	2429	55957
4	2	1595	30818
4	3	2088	44781
4	4	0	0
