5
0	39.7688880572	-105.023523369	'3745 Eliot Street, Denver, CO 80211, USA'
1	39.6033540013	-104.768390324	'6129-6139 South Cathay Court, Aurora, CO 80016, USA'
2	39.590290955	-104.899137542	'6956 S Spruce Drive West, Centennial, CO 80112, USA'
3	40.1828806285	-104.810574935	'13005 County Road 28, Platteville, CO 80651, USA'
4	39.6399471999	-105.024114035	'4214-4234 South Decatur Street, Sheridan, CO 80110, USA'
0	0	0	0
0	1	1938	37391
0	2	1356	26776
0	3	2302	55769
0	4	1098	17586
1	0	1934	37711
1	1	0	0
1	2	1039	14668
1	3	3036	82932
1	4	1784	29882
2	0	1440	27827
2	1	1029	14636
2	2	0	0
2	3	3305	80783
2	4	1227	16687
3	0	2431	55717
3	1	3042	81216
3	2	3357	80438
3	3	0	0
3	4	3099	71249
4	0	1122	18073
4	1	1810	29506
4	2	1202	16930
4	3	2987	71030
4	4	0	0
