5
0	39.7369569855	-105.141249998	'12625-12735 Wide Acres Road, Golden, CO 80401, USA'
1	39.7859071742	-104.845253184	'12332-12412 Andrews Drive, Denver, CO 80239, USA'
2	39.6426989196	-104.788304392	'4063 South Quintero Way, Aurora, CO 80013, USA'
3	39.6202720107	-105.136775979	'12282-12312 West Prentice Place, Littleton, CO 80127, USA'
4	39.9904602322	-104.922977618	'16463-16465 Holly Street, Thornton, CO 80602, USA'
0	0	0	0
0	1	1541	33822
0	2	1921	39953
0	3	973	19688
0	4	2010	47999
1	0	1620	33986
1	1	0	0
1	2	1283	21302
1	3	2172	49606
1	4	1850	40542
2	0	1968	39852
2	1	1149	20815
2	2	0	0
2	3	2126	37259
2	4	2270	61270
3	0	962	19829
3	1	2120	50156
3	2	2088	37159
3	3	0	0
3	4	2589	64333
4	0	1955	46874
4	1	1632	42236
4	2	2158	58972
4	3	2508	62493
4	4	0	0
