5
0	40.1560393699	-104.83786507	'11686-11874 County Road 22 1/2, Fort Lupton, CO 80621, USA'
1	40.1083883167	-104.749220919	'16293 Higgins Avenue, Fort Lupton, CO 80621, USA'
2	39.5806280188	-105.132142524	'11846-11998 West Ken Caryl Avenue, Littleton, CO 80127, USA'
3	39.796690105	-105.046505076	'4551-4599 West 55th Place, Arvada, CO 80002, USA'
4	40.1748328404	-104.83122932	'12487 County Road 25 5, Platteville, CO 80651, USA'
0	0	0	0
0	1	1164	14589
0	2	3648	88851
0	3	2628	56453
0	4	946	11846
1	0	1089	16263
1	1	0	0
1	2	3460	85083
1	3	2440	52684
1	4	1054	18319
2	0	3549	88498
2	1	3322	84592
2	2	0	0
2	3	1510	36172
2	4	3513	90554
3	0	2467	55407
3	1	2240	51502
3	2	1486	36334
3	3	0	0
3	4	2432	57463
4	0	974	11846
4	1	1057	16646
4	2	3578	90926
4	3	2559	58528
4	4	0	0
